<?xml version="1.0" encoding="UTF-8"?>
<!-- Generated by org.testng.reporters.JUnitReportReporter -->
<testsuite skipped="0" hostname="DESKTOP-5DNG8CK" name="com.vtiger.TestScripts.CreateCampTest" tests="1" failures="0" timestamp="13 Mar 2020 17:59:44 GMT" time="13.608" errors="0">
  <testcase name="createCamp" time="13.608" classname="com.vtiger.TestScripts.CreateCampTest"/>
</testsuite> <!-- com.vtiger.TestScripts.CreateCampTest -->
