<?xml version="1.0" encoding="UTF-8"?>
<!-- Generated by org.testng.reporters.JUnitReportReporter -->
<testsuite skipped="0" hostname="DESKTOP-5DNG8CK" name="com.vtiger.TestScripts.LastViewedListInVendors" tests="1" failures="0" timestamp="13 Mar 2020 17:59:45 GMT" time="8.936" errors="0">
  <testcase name="LastViewedListInVendors1" time="8.936" classname="com.vtiger.TestScripts.LastViewedListInVendors"/>
</testsuite> <!-- com.vtiger.TestScripts.LastViewedListInVendors -->
